<?xml version="1.0" encoding="UTF-8"?>
<!-- Generated by org.testng.reporters.JUnitXMLReporter -->
<testsuite ignored="3" hostname="LAPTOP-76JOHB1V" failures="0" tests="10" name="Default test" time="86.443" errors="0" timestamp="2025-07-09T02:29:36 AST">
  <testcase classname="loginPage.myTestCases" name="AddtoCart" time="9.459"/>
  <testcase classname="loginPage.myTestCases" name="AddtoCart" time="6.911"/>
  <testcase classname="loginPage.myTestCases" name="AddtoCart" time="7.724"/>
  <testcase classname="loginPage.myTestCases" name="AddtoCart" time="7.293"/>
  <testcase classname="loginPage.myTestCases" name="AddtoCart" time="7.693"/>
  <testcase classname="loginPage.myTestCases" name="AddtoCart" time="7.971"/>
  <testcase classname="loginPage.myTestCases" name="AddtoCart" time="9.27"/>
  <testcase classname="loginPage.myTestCases" name="AddtoCart" time="7.333"/>
  <testcase classname="loginPage.myTestCases" name="AddtoCart" time="9.151"/>
  <testcase classname="loginPage.myTestCases" name="AddtoCart" time="9.716"/>
  <testcase classname="loginPage.myTestCases" name="Logout" time="0.0">
    <ignored/>
  </testcase> <!-- Logout -->
  <testcase classname="loginPage.myTestCases" name="Signup" time="0.0">
    <ignored/>
  </testcase> <!-- Signup -->
  <testcase classname="loginPage.myTestCases" name="Login" time="0.0">
    <ignored/>
  </testcase> <!-- Login -->
</testsuite> <!-- Default test -->
