<?xml version="1.0" encoding="UTF-8"?>
<testng-results ignored="3" total="13" passed="10" failed="0" skipped="0">
  <reporter-output>
  </reporter-output>
  <suite started-at="2025-07-09T02:28:09 AST" name="Default suite" finished-at="2025-07-09T02:29:36 AST" duration-ms="86443">
    <groups>
    </groups>
    <test started-at="2025-07-09T02:28:09 AST" name="Default test" finished-at="2025-07-09T02:29:36 AST" duration-ms="86443">
      <class name="loginPage.myTestCases">
        <test-method is-config="true" signature="mySetup()[pri:0, instance:loginPage.myTestCases@d3957fe]" started-at="2025-07-09T02:28:09 AST" name="mySetup" finished-at="2025-07-09T02:28:13 AST" duration-ms="3733" status="PASS">
          <reporter-output>
          </reporter-output>
        </test-method> <!-- mySetup -->
        <test-method signature="AddtoCart()[pri:4, instance:loginPage.myTestCases@d3957fe]" started-at="2025-07-09T02:28:13 AST" name="AddtoCart" finished-at="2025-07-09T02:28:22 AST" duration-ms="9459" status="PASS">
          <reporter-output>
          </reporter-output>
        </test-method> <!-- AddtoCart -->
        <test-method signature="AddtoCart()[pri:4, instance:loginPage.myTestCases@d3957fe]" started-at="2025-07-09T02:28:22 AST" name="AddtoCart" finished-at="2025-07-09T02:28:29 AST" duration-ms="6911" status="PASS">
          <reporter-output>
          </reporter-output>
        </test-method> <!-- AddtoCart -->
        <test-method signature="AddtoCart()[pri:4, instance:loginPage.myTestCases@d3957fe]" started-at="2025-07-09T02:28:29 AST" name="AddtoCart" finished-at="2025-07-09T02:28:37 AST" duration-ms="7724" status="PASS">
          <reporter-output>
          </reporter-output>
        </test-method> <!-- AddtoCart -->
        <test-method signature="AddtoCart()[pri:4, instance:loginPage.myTestCases@d3957fe]" started-at="2025-07-09T02:28:37 AST" name="AddtoCart" finished-at="2025-07-09T02:28:44 AST" duration-ms="7293" status="PASS">
          <reporter-output>
          </reporter-output>
        </test-method> <!-- AddtoCart -->
        <test-method signature="AddtoCart()[pri:4, instance:loginPage.myTestCases@d3957fe]" started-at="2025-07-09T02:28:44 AST" name="AddtoCart" finished-at="2025-07-09T02:28:52 AST" duration-ms="7693" status="PASS">
          <reporter-output>
          </reporter-output>
        </test-method> <!-- AddtoCart -->
        <test-method signature="AddtoCart()[pri:4, instance:loginPage.myTestCases@d3957fe]" started-at="2025-07-09T02:28:52 AST" name="AddtoCart" finished-at="2025-07-09T02:29:00 AST" duration-ms="7971" status="PASS">
          <reporter-output>
          </reporter-output>
        </test-method> <!-- AddtoCart -->
        <test-method signature="AddtoCart()[pri:4, instance:loginPage.myTestCases@d3957fe]" started-at="2025-07-09T02:29:00 AST" name="AddtoCart" finished-at="2025-07-09T02:29:09 AST" duration-ms="9270" status="PASS">
          <reporter-output>
          </reporter-output>
        </test-method> <!-- AddtoCart -->
        <test-method signature="AddtoCart()[pri:4, instance:loginPage.myTestCases@d3957fe]" started-at="2025-07-09T02:29:09 AST" name="AddtoCart" finished-at="2025-07-09T02:29:17 AST" duration-ms="7333" status="PASS">
          <reporter-output>
          </reporter-output>
        </test-method> <!-- AddtoCart -->
        <test-method signature="AddtoCart()[pri:4, instance:loginPage.myTestCases@d3957fe]" started-at="2025-07-09T02:29:17 AST" name="AddtoCart" finished-at="2025-07-09T02:29:26 AST" duration-ms="9151" status="PASS">
          <reporter-output>
          </reporter-output>
        </test-method> <!-- AddtoCart -->
        <test-method signature="AddtoCart()[pri:4, instance:loginPage.myTestCases@d3957fe]" started-at="2025-07-09T02:29:26 AST" name="AddtoCart" finished-at="2025-07-09T02:29:36 AST" duration-ms="9716" status="PASS">
          <reporter-output>
          </reporter-output>
        </test-method> <!-- AddtoCart -->
      </class> <!-- loginPage.myTestCases -->
    </test> <!-- Default test -->
  </suite> <!-- Default suite -->
</testng-results>
